[debug] [2025-01-12T12:07:15.146Z] ----------------------------------------------------------------------
[debug] [2025-01-12T12:07:15.152Z] Command:       /opt/homebrew/Cellar/node/23.5.0/bin/node /opt/homebrew/bin/firebase init hosting
[debug] [2025-01-12T12:07:15.152Z] CLI Version:   13.29.1
[debug] [2025-01-12T12:07:15.152Z] Platform:      darwin
[debug] [2025-01-12T12:07:15.152Z] Node Version:  v23.5.0
[debug] [2025-01-12T12:07:15.153Z] Time:          Sun Jan 12 2025 13:07:15 GMT+0100 (Central European Standard Time)
[debug] [2025-01-12T12:07:15.153Z] ----------------------------------------------------------------------
[debug] 
[debug] [2025-01-12T12:07:15.157Z] > command requires scopes: ["email","openid","https://www.googleapis.com/auth/cloudplatformprojects.readonly","https://www.googleapis.com/auth/firebase","https://www.googleapis.com/auth/cloud-platform"]
[debug] [2025-01-12T12:07:15.157Z] > authorizing via signed-in user (ivana@sapper-intelligence.com)
[info] 
     ######## #### ########  ######## ########     ###     ######  ########
     ##        ##  ##     ## ##       ##     ##  ##   ##  ##       ##
     ######    ##  ########  ######   ########  #########  ######  ######
     ##        ##  ##    ##  ##       ##     ## ##     ##       ## ##
     ##       #### ##     ## ######## ########  ##     ##  ######  ########

You're about to initialize a Firebase project in this directory:

  /Users/ivana/Project SI/sapper-intelligence

[info] 
=== Project Setup
[info] 
[info] First, let's associate this project directory with a Firebase project.
[info] You can create multiple project aliases by running firebase use --add, 
[info] but for now we'll just set up a default project.
[info] 
[debug] [2025-01-12T12:07:29.072Z] Checked if tokens are valid: true, expires at: 1736687199494
[debug] [2025-01-12T12:07:29.073Z] Checked if tokens are valid: true, expires at: 1736687199494
[debug] [2025-01-12T12:07:29.075Z] >>> [apiv2][query] GET https://firebase.googleapis.com/v1beta1/availableProjects pageSize=100
[debug] [2025-01-12T12:07:29.660Z] <<< [apiv2][status] GET https://firebase.googleapis.com/v1beta1/availableProjects 200
[debug] [2025-01-12T12:07:29.660Z] <<< [apiv2][body] GET https://firebase.googleapis.com/v1beta1/availableProjects [omitted]
[debug] [2025-01-12T12:07:34.656Z] Checked if tokens are valid: true, expires at: 1736687199494
[debug] [2025-01-12T12:07:34.661Z] Checked if tokens are valid: true, expires at: 1736687199494
[debug] [2025-01-12T12:07:34.662Z] >>> [apiv2][query] POST https://firebase.googleapis.com/v1beta1/projects/website-sapper:addFirebase [none]
[debug] [2025-01-12T12:07:34.997Z] <<< [apiv2][status] POST https://firebase.googleapis.com/v1beta1/projects/website-sapper:addFirebase 403
[debug] [2025-01-12T12:07:34.997Z] <<< [apiv2][body] POST https://firebase.googleapis.com/v1beta1/projects/website-sapper:addFirebase {"error":{"code":403,"message":"The caller does not have permission","status":"PERMISSION_DENIED"}}
[debug] [2025-01-12T12:07:34.998Z] Request to https://firebase.googleapis.com/v1beta1/projects/website-sapper:addFirebase had HTTP Error: 403, The caller does not have permission
[debug] [2025-01-12T12:07:35.118Z] FirebaseError: Request to https://firebase.googleapis.com/v1beta1/projects/website-sapper:addFirebase had HTTP Error: 403, The caller does not have permission
    at responseToError (/opt/homebrew/lib/node_modules/firebase-tools/lib/responseToError.js:52:12)
    at RetryOperation._fn (/opt/homebrew/lib/node_modules/firebase-tools/lib/apiv2.js:312:77)
    at process.processTicksAndRejections (node:internal/process/task_queues:105:5)
[error] 
[error] Error: Failed to add Firebase to Google Cloud Platform project. See firebase-debug.log for more info.
